11-29-2021 at 11:53:11 error Error
11-29-2021 at 15:30:06 info routers injected
11-29-2021 at 15:30:06 info express initialized
11-29-2021 at 15:30:06 info server run on port 3030
11-29-2021 at 15:31:02 info call trivia
11-29-2021 at 15:31:02 error error getting trivia
11-29-2021 at 15:38:20 info routers injected
11-29-2021 at 15:38:20 info express initialized
11-29-2021 at 15:38:20 info server run on port 3030
11-29-2021 at 15:38:25 info call trivia
11-29-2021 at 15:38:26 info received trivia
11-29-2021 at 15:38:35 info find by ingredients tomato
11-29-2021 at 15:38:36 info received recipes by ingredients
11-29-2021 at 15:41:08 info find by ingredients potato
11-29-2021 at 15:41:09 info received recipes by ingredients
11-29-2021 at 15:41:30 info find by ingredients potato
11-29-2021 at 15:41:30 info get recipe information
11-29-2021 at 15:41:31 error error getting recipe information
11-29-2021 at 15:41:31 info received recipes by ingredients
11-29-2021 at 15:42:22 info find by ingredients potato
11-29-2021 at 15:42:22 info get recipe information
11-29-2021 at 15:42:22 info get recipe information
11-29-2021 at 15:42:22 info find by ingredients potato
11-29-2021 at 15:42:22 error error getting recipe information
11-29-2021 at 15:42:22 info received recipes by ingredients
11-29-2021 at 15:42:22 error error getting recipe information
11-29-2021 at 15:42:23 info received recipes by ingredients
11-29-2021 at 15:42:23 info find by ingredients 
11-29-2021 at 15:42:24 info received recipes by ingredients
11-29-2021 at 15:42:30 info find by ingredients potato
11-29-2021 at 15:42:31 info received recipes by ingredients
11-29-2021 at 15:47:50 info get recipe information
11-29-2021 at 15:47:50 info find by ingredients potato
11-29-2021 at 15:47:51 error error getting recipe information
11-29-2021 at 15:47:51 info received recipes by ingredients
11-29-2021 at 15:49:15 info get recipe information
11-29-2021 at 15:49:15 info find by ingredients potato
11-29-2021 at 15:49:16 error error getting recipe information
11-29-2021 at 15:49:16 info received recipes by ingredients
11-29-2021 at 16:19:45 info find by ingredients potato
11-29-2021 at 16:19:46 info received recipes by ingredients
11-29-2021 at 16:25:31 info get recipe information
11-29-2021 at 16:25:31 info get recipe information
11-29-2021 at 16:25:31 info get recipe information
11-29-2021 at 16:25:31 info get recipe information
11-29-2021 at 16:25:31 info get recipe information
11-29-2021 at 16:25:31 info get recipe information
11-29-2021 at 16:25:31 error error getting recipe information
11-29-2021 at 16:25:31 error error getting recipe information
11-29-2021 at 16:25:31 info get recipe information
11-29-2021 at 16:25:31 info get recipe information
11-29-2021 at 16:25:31 error error getting recipe information
11-29-2021 at 16:25:31 info get recipe information
11-29-2021 at 16:25:31 error error getting recipe information
11-29-2021 at 16:25:31 info get recipe information
11-29-2021 at 16:25:31 error error getting recipe information
11-29-2021 at 16:25:31 info get recipe information
11-29-2021 at 16:25:31 error error getting recipe information
11-29-2021 at 16:25:31 info get recipe information
11-29-2021 at 16:25:31 error error getting recipe information
11-29-2021 at 16:25:31 error error getting recipe information
11-29-2021 at 16:25:31 info get recipe information
11-29-2021 at 16:25:31 info get recipe information
11-29-2021 at 16:25:31 error error getting recipe information
11-29-2021 at 16:25:31 info get recipe information
11-29-2021 at 16:25:31 error error getting recipe information
11-29-2021 at 16:25:31 error error getting recipe information
11-29-2021 at 16:25:31 info get recipe information
11-29-2021 at 16:25:31 info get recipe information
11-29-2021 at 16:25:32 error error getting recipe information
11-29-2021 at 16:25:32 error error getting recipe information
11-29-2021 at 16:25:32 info get recipe information
11-29-2021 at 16:25:32 info get recipe information
11-29-2021 at 16:25:32 error error getting recipe information
11-29-2021 at 16:25:32 info get recipe information
11-29-2021 at 16:25:32 error error getting recipe information
11-29-2021 at 16:25:32 info get recipe information
11-29-2021 at 16:25:32 error error getting recipe information
11-29-2021 at 16:25:32 info get recipe information
11-29-2021 at 16:25:32 error error getting recipe information
11-29-2021 at 16:25:32 error error getting recipe information
11-29-2021 at 16:25:32 info get recipe information
11-29-2021 at 16:25:32 info get recipe information
11-29-2021 at 16:25:32 error error getting recipe information
11-29-2021 at 16:25:32 error error getting recipe information
11-29-2021 at 16:25:32 info get recipe information
11-29-2021 at 16:25:32 info get recipe information
11-29-2021 at 16:25:32 error error getting recipe information
11-29-2021 at 16:25:32 info get recipe information
11-29-2021 at 16:25:32 error error getting recipe information
11-29-2021 at 16:25:32 error error getting recipe information
11-29-2021 at 16:25:32 info get recipe information
11-29-2021 at 16:25:32 error error getting recipe information
11-29-2021 at 16:25:32 info get recipe information
11-29-2021 at 16:25:32 info get recipe information
11-29-2021 at 16:25:32 error error getting recipe information
11-29-2021 at 16:25:32 info get recipe information
11-29-2021 at 16:25:32 error error getting recipe information
11-29-2021 at 16:25:32 info get recipe information
11-29-2021 at 16:25:32 error error getting recipe information
11-29-2021 at 16:25:32 info get recipe information
11-29-2021 at 16:25:33 error error getting recipe information
11-29-2021 at 16:25:33 error error getting recipe information
11-29-2021 at 16:25:33 info get recipe information
11-29-2021 at 16:25:33 info get recipe information
11-29-2021 at 16:25:33 error error getting recipe information
11-29-2021 at 16:25:33 info get recipe information
11-29-2021 at 16:25:33 error error getting recipe information
11-29-2021 at 16:25:33 info get recipe information
11-29-2021 at 16:25:33 error error getting recipe information
11-29-2021 at 16:25:33 error error getting recipe information
11-29-2021 at 16:25:33 info get recipe information
11-29-2021 at 16:25:33 info get recipe information
11-29-2021 at 16:25:33 error error getting recipe information
11-29-2021 at 16:25:33 info get recipe information
11-29-2021 at 16:25:33 error error getting recipe information
11-29-2021 at 16:25:33 info get recipe information
11-29-2021 at 16:25:33 error error getting recipe information
11-29-2021 at 16:25:33 info get recipe information
11-29-2021 at 16:25:33 error error getting recipe information
11-29-2021 at 16:25:33 info get recipe information
11-29-2021 at 16:25:33 error error getting recipe information
11-29-2021 at 16:25:33 info get recipe information
11-29-2021 at 16:25:33 error error getting recipe information
11-29-2021 at 16:25:33 info get recipe information
11-29-2021 at 16:25:33 error error getting recipe information
11-29-2021 at 16:25:33 info get recipe information
11-29-2021 at 16:25:33 error error getting recipe information
11-29-2021 at 16:25:33 info get recipe information
11-29-2021 at 16:25:33 error error getting recipe information
11-29-2021 at 16:25:33 info get recipe information
11-29-2021 at 16:25:33 error error getting recipe information
11-29-2021 at 16:25:33 info get recipe information
11-29-2021 at 16:25:33 error error getting recipe information
11-29-2021 at 16:25:33 info get recipe information
11-29-2021 at 16:25:33 error error getting recipe information
11-29-2021 at 16:25:33 info get recipe information
11-29-2021 at 16:25:33 error error getting recipe information
11-29-2021 at 16:25:33 info get recipe information
11-29-2021 at 16:25:33 error error getting recipe information
11-29-2021 at 16:25:33 info get recipe information
11-29-2021 at 16:25:33 error error getting recipe information
11-29-2021 at 16:25:33 error error getting recipe information
11-29-2021 at 16:25:33 info get recipe information
11-29-2021 at 16:25:33 info get recipe information
11-29-2021 at 16:25:33 error error getting recipe information
11-29-2021 at 16:25:33 info get recipe information
11-29-2021 at 16:25:33 error error getting recipe information
11-29-2021 at 16:25:33 info get recipe information
11-29-2021 at 16:25:33 error error getting recipe information
11-29-2021 at 16:25:33 info get recipe information
11-29-2021 at 16:25:33 error error getting recipe information
11-29-2021 at 16:25:33 info get recipe information
11-29-2021 at 16:25:33 error error getting recipe information
11-29-2021 at 16:25:33 info get recipe information
11-29-2021 at 16:25:34 error error getting recipe information
11-29-2021 at 16:25:34 info get recipe information
11-29-2021 at 16:25:34 error error getting recipe information
11-29-2021 at 16:25:34 error error getting recipe information
11-29-2021 at 16:25:34 info get recipe information
11-29-2021 at 16:25:34 info get recipe information
11-29-2021 at 16:25:34 error error getting recipe information
11-29-2021 at 16:25:34 error error getting recipe information
11-29-2021 at 16:25:34 info get recipe information
11-29-2021 at 16:25:34 info get recipe information
11-29-2021 at 16:25:34 error error getting recipe information
11-29-2021 at 16:25:34 info get recipe information
11-29-2021 at 16:25:34 error error getting recipe information
11-29-2021 at 16:25:34 info get recipe information
11-29-2021 at 16:25:34 error error getting recipe information
11-29-2021 at 16:25:34 info get recipe information
11-29-2021 at 16:25:34 error error getting recipe information
11-29-2021 at 16:25:34 error error getting recipe information
11-29-2021 at 16:25:34 info get recipe information
11-29-2021 at 16:25:34 error error getting recipe information
11-29-2021 at 16:25:34 info get recipe information
11-29-2021 at 16:25:34 error error getting recipe information
11-29-2021 at 16:25:34 info get recipe information
11-29-2021 at 16:25:34 info get recipe information
11-29-2021 at 16:25:34 error error getting recipe information
11-29-2021 at 16:25:34 info get recipe information
11-29-2021 at 16:25:34 error error getting recipe information
11-29-2021 at 16:25:34 info get recipe information
11-29-2021 at 16:25:34 error error getting recipe information
11-29-2021 at 16:25:34 info get recipe information
11-29-2021 at 16:25:34 error error getting recipe information
11-29-2021 at 16:25:34 info get recipe information
11-29-2021 at 16:25:34 error error getting recipe information
11-29-2021 at 16:25:34 info get recipe information
11-29-2021 at 16:25:34 error error getting recipe information
11-29-2021 at 16:25:34 info get recipe information
11-29-2021 at 16:25:34 error error getting recipe information
11-29-2021 at 16:25:34 info get recipe information
11-29-2021 at 16:25:34 error error getting recipe information
11-29-2021 at 16:25:34 info get recipe information
11-29-2021 at 16:25:34 error error getting recipe information
11-29-2021 at 16:25:34 info get recipe information
11-29-2021 at 16:25:35 error error getting recipe information
11-29-2021 at 16:25:35 info get recipe information
11-29-2021 at 16:25:35 error error getting recipe information
11-29-2021 at 16:25:35 error error getting recipe information
11-29-2021 at 16:25:35 info get recipe information
11-29-2021 at 16:25:35 info get recipe information
11-29-2021 at 16:25:35 error error getting recipe information
11-29-2021 at 16:25:35 info get recipe information
11-29-2021 at 16:25:35 error error getting recipe information
11-29-2021 at 16:25:35 info get recipe information
11-29-2021 at 16:25:35 error error getting recipe information
11-29-2021 at 16:25:35 info get recipe information
11-29-2021 at 16:25:35 error error getting recipe information
11-29-2021 at 16:25:35 error error getting recipe information
11-29-2021 at 16:25:35 info get recipe information
11-29-2021 at 16:25:35 info get recipe information
11-29-2021 at 16:25:35 error error getting recipe information
11-29-2021 at 16:25:35 info get recipe information
11-29-2021 at 16:25:35 error error getting recipe information
11-29-2021 at 16:25:35 info get recipe information
11-29-2021 at 16:25:35 error error getting recipe information
11-29-2021 at 16:25:35 error error getting recipe information
11-29-2021 at 16:25:35 info get recipe information
11-29-2021 at 16:25:35 info get recipe information
11-29-2021 at 16:25:36 error error getting recipe information
11-29-2021 at 16:25:36 error error getting recipe information
11-29-2021 at 16:25:36 info get recipe information
11-29-2021 at 16:25:36 info get recipe information
11-29-2021 at 16:25:36 error error getting recipe information
11-29-2021 at 16:25:36 info get recipe information
11-29-2021 at 16:25:36 error error getting recipe information
11-29-2021 at 16:25:36 info get recipe information
11-29-2021 at 16:25:36 error error getting recipe information
11-29-2021 at 16:25:36 info get recipe information
11-29-2021 at 16:25:36 error error getting recipe information
11-29-2021 at 16:25:36 info get recipe information
11-29-2021 at 16:25:36 error error getting recipe information
11-29-2021 at 16:25:36 info get recipe information
11-29-2021 at 16:25:36 error error getting recipe information
11-29-2021 at 16:25:36 info get recipe information
11-29-2021 at 16:25:36 error error getting recipe information
11-29-2021 at 16:25:36 info get recipe information
11-29-2021 at 16:25:36 error error getting recipe information
11-29-2021 at 16:25:36 info get recipe information
11-29-2021 at 16:25:36 error error getting recipe information
11-29-2021 at 16:25:36 info get recipe information
11-29-2021 at 16:25:36 error error getting recipe information
11-29-2021 at 16:25:36 info get recipe information
11-29-2021 at 16:25:36 error error getting recipe information
11-29-2021 at 16:25:36 info get recipe information
11-29-2021 at 16:25:36 error error getting recipe information
11-29-2021 at 16:25:36 info get recipe information
11-29-2021 at 16:25:36 error error getting recipe information
11-29-2021 at 16:25:36 info get recipe information
11-29-2021 at 16:25:37 error error getting recipe information
11-29-2021 at 16:25:37 error error getting recipe information
11-29-2021 at 16:25:37 error error getting recipe information
11-29-2021 at 16:25:37 info get recipe information
11-29-2021 at 16:25:37 info get recipe information
11-29-2021 at 16:25:37 info get recipe information
11-29-2021 at 16:25:37 error error getting recipe information
11-29-2021 at 16:25:37 info get recipe information
11-29-2021 at 16:25:37 error error getting recipe information
11-29-2021 at 16:25:37 info get recipe information
11-29-2021 at 16:25:37 error error getting recipe information
11-29-2021 at 16:25:37 error error getting recipe information
11-29-2021 at 16:25:37 info get recipe information
11-29-2021 at 16:25:37 info get recipe information
11-29-2021 at 16:25:37 error error getting recipe information
11-29-2021 at 16:25:37 info get recipe information
11-29-2021 at 16:25:37 error error getting recipe information
11-29-2021 at 16:25:37 info get recipe information
11-29-2021 at 16:25:37 error error getting recipe information
11-29-2021 at 16:25:37 error error getting recipe information
11-29-2021 at 16:25:37 info get recipe information
11-29-2021 at 16:25:37 info get recipe information
11-29-2021 at 16:25:37 error error getting recipe information
11-29-2021 at 16:25:37 info get recipe information
11-29-2021 at 16:25:37 error error getting recipe information
11-29-2021 at 16:25:37 info get recipe information
11-29-2021 at 16:25:37 error error getting recipe information
11-29-2021 at 16:25:37 info get recipe information
11-29-2021 at 16:25:37 error error getting recipe information
11-29-2021 at 16:25:37 error error getting recipe information
11-29-2021 at 16:25:37 error error getting recipe information
11-29-2021 at 16:25:37 info get recipe information
11-29-2021 at 16:25:37 info get recipe information
11-29-2021 at 16:25:37 info get recipe information
11-29-2021 at 16:25:37 error error getting recipe information
11-29-2021 at 16:25:37 info get recipe information
11-29-2021 at 16:25:37 error error getting recipe information
11-29-2021 at 16:25:37 info get recipe information
11-29-2021 at 16:25:37 error error getting recipe information
11-29-2021 at 16:25:37 error error getting recipe information
11-29-2021 at 16:25:37 error error getting recipe information
11-29-2021 at 16:25:37 info get recipe information
11-29-2021 at 16:25:38 info get recipe information
11-29-2021 at 16:25:38 info get recipe information
11-29-2021 at 16:25:38 error error getting recipe information
11-29-2021 at 16:25:38 info get recipe information
11-29-2021 at 16:25:38 error error getting recipe information
11-29-2021 at 16:25:38 info get recipe information
11-29-2021 at 16:25:38 error error getting recipe information
11-29-2021 at 16:25:38 error error getting recipe information
11-29-2021 at 16:25:38 error error getting recipe information
11-29-2021 at 16:25:38 info get recipe information
11-29-2021 at 16:25:38 info get recipe information
11-29-2021 at 16:25:38 info get recipe information
11-29-2021 at 16:25:38 error error getting recipe information
11-29-2021 at 16:25:38 info get recipe information
11-29-2021 at 16:25:38 error error getting recipe information
11-29-2021 at 16:25:38 info get recipe information
11-29-2021 at 16:25:38 error error getting recipe information
11-29-2021 at 16:25:38 error error getting recipe information
11-29-2021 at 16:25:38 info get recipe information
11-29-2021 at 16:25:38 info get recipe information
11-29-2021 at 16:25:38 error error getting recipe information
11-29-2021 at 16:25:38 info get recipe information
11-29-2021 at 16:25:38 error error getting recipe information
11-29-2021 at 16:25:38 error error getting recipe information
11-29-2021 at 16:25:38 info get recipe information
11-29-2021 at 16:25:38 info get recipe information
11-29-2021 at 16:25:38 error error getting recipe information
11-29-2021 at 16:25:38 info get recipe information
11-29-2021 at 16:25:38 error error getting recipe information
11-29-2021 at 16:25:38 error error getting recipe information
11-29-2021 at 16:25:38 info get recipe information
11-29-2021 at 16:25:38 info get recipe information
11-29-2021 at 16:25:38 error error getting recipe information
11-29-2021 at 16:25:38 error error getting recipe information
11-29-2021 at 16:25:39 info get recipe information
11-29-2021 at 16:25:39 error error getting recipe information
11-29-2021 at 16:25:39 info get recipe information
11-29-2021 at 16:25:39 info get recipe information
11-29-2021 at 16:25:39 error error getting recipe information
11-29-2021 at 16:25:39 error error getting recipe information
11-29-2021 at 16:25:39 info get recipe information
11-29-2021 at 16:25:39 info get recipe information
11-29-2021 at 16:25:39 error error getting recipe information
11-29-2021 at 16:25:39 info get recipe information
11-29-2021 at 16:25:39 error error getting recipe information
11-29-2021 at 16:25:39 info get recipe information
11-29-2021 at 16:25:39 error error getting recipe information
11-29-2021 at 16:25:39 info get recipe information
11-29-2021 at 16:25:39 error error getting recipe information
11-29-2021 at 16:25:39 info get recipe information
11-29-2021 at 16:25:39 error error getting recipe information
11-29-2021 at 16:25:39 info get recipe information
11-29-2021 at 16:25:39 error error getting recipe information
11-29-2021 at 16:25:39 info get recipe information
11-29-2021 at 16:25:39 error error getting recipe information
11-29-2021 at 16:25:39 info get recipe information
11-29-2021 at 16:25:39 error error getting recipe information
11-29-2021 at 16:25:39 info get recipe information
11-29-2021 at 16:25:39 error error getting recipe information
11-29-2021 at 16:25:39 info get recipe information
11-29-2021 at 16:25:39 error error getting recipe information
11-29-2021 at 16:25:39 info get recipe information
11-29-2021 at 16:25:39 error error getting recipe information
11-29-2021 at 16:25:39 info get recipe information
11-29-2021 at 16:25:39 error error getting recipe information
11-29-2021 at 16:25:39 info get recipe information
11-29-2021 at 16:25:39 error error getting recipe information
11-29-2021 at 16:25:39 info get recipe information
11-29-2021 at 16:25:39 error error getting recipe information
11-29-2021 at 16:25:39 info get recipe information
11-29-2021 at 16:25:39 error error getting recipe information
11-29-2021 at 16:25:40 info get recipe information
11-29-2021 at 16:25:40 error error getting recipe information
11-29-2021 at 16:25:40 info get recipe information
11-29-2021 at 16:25:40 error error getting recipe information
11-29-2021 at 16:25:40 error error getting recipe information
11-29-2021 at 16:25:40 info get recipe information
11-29-2021 at 16:25:40 info get recipe information
11-29-2021 at 16:25:40 error error getting recipe information
11-29-2021 at 16:25:40 info get recipe information
11-29-2021 at 16:25:40 error error getting recipe information
11-29-2021 at 16:25:40 info get recipe information
11-29-2021 at 16:25:40 error error getting recipe information
11-29-2021 at 16:25:40 info get recipe information
11-29-2021 at 16:25:40 error error getting recipe information
11-29-2021 at 16:25:40 error error getting recipe information
11-29-2021 at 16:25:40 error error getting recipe information
11-29-2021 at 16:25:40 info get recipe information
11-29-2021 at 16:25:40 info get recipe information
11-29-2021 at 16:25:40 info get recipe information
11-29-2021 at 16:25:40 error error getting recipe information
11-29-2021 at 16:25:40 info get recipe information
11-29-2021 at 16:25:40 error error getting recipe information
11-29-2021 at 16:25:40 info get recipe information
11-29-2021 at 16:25:40 error error getting recipe information
11-29-2021 at 16:25:40 info get recipe information
11-29-2021 at 16:25:40 error error getting recipe information
11-29-2021 at 16:25:40 info get recipe information
11-29-2021 at 16:25:40 error error getting recipe information
11-29-2021 at 16:25:40 info get recipe information
11-29-2021 at 16:25:40 error error getting recipe information
11-29-2021 at 16:25:40 info get recipe information
11-29-2021 at 16:25:40 error error getting recipe information
11-29-2021 at 16:25:40 info get recipe information
11-29-2021 at 16:25:40 error error getting recipe information
11-29-2021 at 16:25:40 info get recipe information
11-29-2021 at 16:25:40 error error getting recipe information
11-29-2021 at 16:25:40 info get recipe information
11-29-2021 at 16:25:40 error error getting recipe information
11-29-2021 at 16:25:40 info get recipe information
11-29-2021 at 16:25:40 error error getting recipe information
11-29-2021 at 16:25:40 info get recipe information
11-29-2021 at 16:25:40 error error getting recipe information
11-29-2021 at 16:25:40 info get recipe information
11-29-2021 at 16:25:40 error error getting recipe information
11-29-2021 at 16:25:40 info get recipe information
11-29-2021 at 16:25:41 error error getting recipe information
11-29-2021 at 16:25:41 info get recipe information
11-29-2021 at 16:25:41 error error getting recipe information
11-29-2021 at 16:25:41 info get recipe information
11-29-2021 at 16:25:41 error error getting recipe information
11-29-2021 at 16:25:41 info get recipe information
11-29-2021 at 16:25:41 error error getting recipe information
11-29-2021 at 16:25:41 info get recipe information
11-29-2021 at 16:25:41 error error getting recipe information
11-29-2021 at 16:25:41 info get recipe information
11-29-2021 at 16:25:41 error error getting recipe information
11-29-2021 at 16:25:41 info get recipe information
11-29-2021 at 16:25:41 error error getting recipe information
11-29-2021 at 16:25:41 info get recipe information
11-29-2021 at 16:25:41 error error getting recipe information
11-29-2021 at 16:25:41 info get recipe information
11-29-2021 at 16:25:41 error error getting recipe information
11-29-2021 at 16:25:41 error error getting recipe information
11-29-2021 at 16:25:41 error error getting recipe information
11-29-2021 at 16:25:41 info get recipe information
11-29-2021 at 16:25:41 info get recipe information
11-29-2021 at 16:25:41 info get recipe information
11-29-2021 at 16:25:41 error error getting recipe information
11-29-2021 at 16:25:41 info get recipe information
11-29-2021 at 16:25:41 error error getting recipe information
11-29-2021 at 16:25:41 info get recipe information
11-29-2021 at 16:25:41 error error getting recipe information
11-29-2021 at 16:25:41 info get recipe information
11-29-2021 at 16:25:41 error error getting recipe information
11-29-2021 at 16:25:41 info get recipe information
11-29-2021 at 16:25:41 error error getting recipe information
11-29-2021 at 16:25:41 info get recipe information
11-29-2021 at 16:25:42 error error getting recipe information
11-29-2021 at 16:25:42 info get recipe information
11-29-2021 at 16:25:42 error error getting recipe information
11-29-2021 at 16:25:42 info get recipe information
11-29-2021 at 16:25:42 error error getting recipe information
11-29-2021 at 16:25:42 info get recipe information
11-29-2021 at 16:25:42 error error getting recipe information
11-29-2021 at 16:25:42 info get recipe information
11-29-2021 at 16:25:42 error error getting recipe information
11-29-2021 at 16:25:42 info get recipe information
11-29-2021 at 16:25:42 error error getting recipe information
11-29-2021 at 16:25:42 info get recipe information
11-29-2021 at 16:25:42 error error getting recipe information
11-29-2021 at 16:25:42 info get recipe information
11-29-2021 at 16:25:42 error error getting recipe information
11-29-2021 at 16:25:42 info get recipe information
11-29-2021 at 16:25:42 error error getting recipe information
11-29-2021 at 16:25:42 info get recipe information
11-29-2021 at 16:25:42 error error getting recipe information
11-29-2021 at 16:25:42 info get recipe information
11-29-2021 at 16:25:42 error error getting recipe information
11-29-2021 at 16:25:42 error error getting recipe information
11-29-2021 at 16:25:42 info get recipe information
11-29-2021 at 16:25:42 info get recipe information
11-29-2021 at 16:25:42 error error getting recipe information
11-29-2021 at 16:25:42 info get recipe information
11-29-2021 at 16:25:42 error error getting recipe information
11-29-2021 at 16:25:42 info get recipe information
11-29-2021 at 16:25:42 error error getting recipe information
11-29-2021 at 16:25:42 info get recipe information
11-29-2021 at 16:25:42 error error getting recipe information
11-29-2021 at 16:25:42 info get recipe information
11-29-2021 at 16:25:43 error error getting recipe information
11-29-2021 at 16:25:43 info get recipe information
11-29-2021 at 16:25:43 error error getting recipe information
11-29-2021 at 16:25:43 info get recipe information
11-29-2021 at 16:25:43 error error getting recipe information
11-29-2021 at 16:25:43 info get recipe information
11-29-2021 at 16:25:43 error error getting recipe information
11-29-2021 at 16:25:43 info get recipe information
11-29-2021 at 16:25:43 error error getting recipe information
11-29-2021 at 16:25:43 info get recipe information
11-29-2021 at 16:25:43 error error getting recipe information
11-29-2021 at 16:25:43 info get recipe information
11-29-2021 at 16:25:43 error error getting recipe information
11-29-2021 at 16:25:43 info get recipe information
11-29-2021 at 16:25:43 error error getting recipe information
11-29-2021 at 16:25:43 info get recipe information
11-29-2021 at 16:25:43 error error getting recipe information
11-29-2021 at 16:25:43 info get recipe information
11-29-2021 at 16:25:43 error error getting recipe information
11-29-2021 at 16:25:43 info get recipe information
11-29-2021 at 16:25:43 error error getting recipe information
11-29-2021 at 16:25:43 info get recipe information
11-29-2021 at 16:25:43 error error getting recipe information
11-29-2021 at 16:25:43 info get recipe information
11-29-2021 at 16:25:43 error error getting recipe information
11-29-2021 at 16:25:43 info get recipe information
11-29-2021 at 16:25:43 error error getting recipe information
11-29-2021 at 16:25:43 info get recipe information
11-29-2021 at 16:25:43 error error getting recipe information
11-29-2021 at 16:25:43 info get recipe information
11-29-2021 at 16:25:43 error error getting recipe information
11-29-2021 at 16:25:43 error error getting recipe information
11-29-2021 at 16:25:43 error error getting recipe information
11-29-2021 at 16:25:43 info get recipe information
11-29-2021 at 16:25:43 info get recipe information
11-29-2021 at 16:25:43 info get recipe information
11-29-2021 at 16:25:43 error error getting recipe information
11-29-2021 at 16:25:43 info get recipe information
11-29-2021 at 16:25:43 error error getting recipe information
11-29-2021 at 16:25:43 info get recipe information
11-29-2021 at 16:25:43 error error getting recipe information
11-29-2021 at 16:25:43 info get recipe information
11-29-2021 at 16:25:43 error error getting recipe information
11-29-2021 at 16:25:43 info get recipe information
11-29-2021 at 16:25:44 error error getting recipe information
11-29-2021 at 16:25:44 error error getting recipe information
11-29-2021 at 16:25:44 info get recipe information
11-29-2021 at 16:25:44 info get recipe information
11-29-2021 at 16:25:44 error error getting recipe information
11-29-2021 at 16:25:44 info get recipe information
11-29-2021 at 16:25:44 error error getting recipe information
11-29-2021 at 16:25:44 info get recipe information
11-29-2021 at 16:25:44 error error getting recipe information
11-29-2021 at 16:25:44 info get recipe information
11-29-2021 at 16:25:44 error error getting recipe information
11-29-2021 at 16:25:44 info get recipe information
11-29-2021 at 16:25:44 error error getting recipe information
11-29-2021 at 16:25:44 info get recipe information
11-29-2021 at 16:25:44 error error getting recipe information
11-29-2021 at 16:25:44 info get recipe information
11-29-2021 at 16:25:44 error error getting recipe information
11-29-2021 at 16:25:44 info get recipe information
11-29-2021 at 16:25:44 error error getting recipe information
11-29-2021 at 16:25:44 info get recipe information
11-29-2021 at 16:25:44 error error getting recipe information
11-29-2021 at 16:25:44 error error getting recipe information
11-29-2021 at 16:25:44 info get recipe information
11-29-2021 at 16:25:44 info get recipe information
11-29-2021 at 16:25:44 error error getting recipe information
11-29-2021 at 16:25:44 info get recipe information
11-29-2021 at 16:25:44 error error getting recipe information
11-29-2021 at 16:25:44 info get recipe information
11-29-2021 at 16:25:44 error error getting recipe information
11-29-2021 at 16:25:44 error error getting recipe information
11-29-2021 at 16:25:44 info get recipe information
11-29-2021 at 16:25:44 info get recipe information
11-29-2021 at 16:25:44 error error getting recipe information
11-29-2021 at 16:25:44 info get recipe information
11-29-2021 at 16:25:44 error error getting recipe information
11-29-2021 at 16:25:44 info get recipe information
11-29-2021 at 16:25:44 error error getting recipe information
11-29-2021 at 16:25:44 info get recipe information
11-29-2021 at 16:25:44 error error getting recipe information
11-29-2021 at 16:25:44 info get recipe information
11-29-2021 at 16:25:44 error error getting recipe information
11-29-2021 at 16:25:44 info get recipe information
11-29-2021 at 16:25:44 error error getting recipe information
11-29-2021 at 16:25:44 info get recipe information
11-29-2021 at 16:25:44 error error getting recipe information
11-29-2021 at 16:25:44 info get recipe information
11-29-2021 at 16:25:44 error error getting recipe information
11-29-2021 at 16:25:44 info get recipe information
11-29-2021 at 16:25:44 error error getting recipe information
11-29-2021 at 16:25:44 info get recipe information
11-29-2021 at 16:25:44 error error getting recipe information
11-29-2021 at 16:25:44 info get recipe information
11-29-2021 at 16:25:44 error error getting recipe information
11-29-2021 at 16:25:44 info get recipe information
11-29-2021 at 16:25:44 error error getting recipe information
11-29-2021 at 16:25:44 info get recipe information
11-29-2021 at 16:25:45 error error getting recipe information
11-29-2021 at 16:25:45 info get recipe information
11-29-2021 at 16:25:45 error error getting recipe information
11-29-2021 at 16:25:45 info get recipe information
11-29-2021 at 16:25:45 error error getting recipe information
11-29-2021 at 16:25:45 info get recipe information
11-29-2021 at 16:25:45 error error getting recipe information
11-29-2021 at 16:25:45 info get recipe information
11-29-2021 at 16:25:45 error error getting recipe information
11-29-2021 at 16:25:45 info get recipe information
11-29-2021 at 16:25:45 error error getting recipe information
11-29-2021 at 16:25:45 error error getting recipe information
11-29-2021 at 16:25:45 info get recipe information
11-29-2021 at 16:25:45 info get recipe information
11-29-2021 at 16:25:45 error error getting recipe information
11-29-2021 at 16:25:45 info get recipe information
11-29-2021 at 16:25:45 error error getting recipe information
11-29-2021 at 16:25:45 error error getting recipe information
11-29-2021 at 16:25:45 info get recipe information
11-29-2021 at 16:25:45 info get recipe information
11-29-2021 at 16:25:45 error error getting recipe information
11-29-2021 at 16:25:45 error error getting recipe information
11-29-2021 at 16:25:45 info get recipe information
11-29-2021 at 16:25:45 error error getting recipe information
11-29-2021 at 16:25:45 info get recipe information
11-29-2021 at 16:25:45 info get recipe information
11-29-2021 at 16:25:45 error error getting recipe information
11-29-2021 at 16:25:45 info get recipe information
11-29-2021 at 16:25:45 error error getting recipe information
11-29-2021 at 16:25:45 info get recipe information
11-29-2021 at 16:25:45 error error getting recipe information
11-29-2021 at 16:25:45 info get recipe information
11-29-2021 at 16:25:45 error error getting recipe information
11-29-2021 at 16:25:45 error error getting recipe information
11-29-2021 at 16:25:45 info get recipe information
11-29-2021 at 16:25:45 info get recipe information
11-29-2021 at 16:25:45 error error getting recipe information
11-29-2021 at 16:25:46 info get recipe information
11-29-2021 at 16:25:46 error error getting recipe information
11-29-2021 at 16:25:46 info get recipe information
11-29-2021 at 16:25:46 error error getting recipe information
11-29-2021 at 16:25:46 info get recipe information
11-29-2021 at 16:25:46 error error getting recipe information
11-29-2021 at 16:25:46 info get recipe information
11-29-2021 at 16:25:46 error error getting recipe information
11-29-2021 at 16:25:46 info get recipe information
11-29-2021 at 16:25:46 error error getting recipe information
11-29-2021 at 16:25:46 info get recipe information
11-29-2021 at 16:25:46 error error getting recipe information
11-29-2021 at 16:25:46 info get recipe information
11-29-2021 at 16:25:46 error error getting recipe information
11-29-2021 at 16:25:46 info get recipe information
11-29-2021 at 16:25:46 error error getting recipe information
11-29-2021 at 16:25:46 info get recipe information
11-29-2021 at 16:25:46 error error getting recipe information
11-29-2021 at 16:25:46 info get recipe information
11-29-2021 at 16:25:46 error error getting recipe information
11-29-2021 at 16:25:46 info get recipe information
11-29-2021 at 16:25:46 error error getting recipe information
11-29-2021 at 16:25:46 info get recipe information
11-29-2021 at 16:25:46 error error getting recipe information
11-29-2021 at 16:25:46 error error getting recipe information
11-29-2021 at 16:25:46 error error getting recipe information
11-29-2021 at 16:25:46 info get recipe information
11-29-2021 at 16:25:46 info get recipe information
11-29-2021 at 16:25:46 info get recipe information
11-29-2021 at 16:25:46 error error getting recipe information
11-29-2021 at 16:25:46 info get recipe information
11-29-2021 at 16:25:46 error error getting recipe information
11-29-2021 at 16:25:46 info get recipe information
11-29-2021 at 16:25:46 error error getting recipe information
11-29-2021 at 16:25:46 info get recipe information
11-29-2021 at 16:25:46 error error getting recipe information
11-29-2021 at 16:25:46 info get recipe information
11-29-2021 at 16:25:47 error error getting recipe information
11-29-2021 at 16:25:47 info get recipe information
11-29-2021 at 16:25:47 error error getting recipe information
11-29-2021 at 16:25:47 info get recipe information
11-29-2021 at 16:25:47 error error getting recipe information
11-29-2021 at 16:25:47 info get recipe information
11-29-2021 at 16:25:47 error error getting recipe information
11-29-2021 at 16:25:47 info get recipe information
11-29-2021 at 16:25:47 error error getting recipe information
11-29-2021 at 16:25:47 info get recipe information
11-29-2021 at 16:25:47 error error getting recipe information
11-29-2021 at 16:25:47 info get recipe information
11-29-2021 at 16:25:47 error error getting recipe information
11-29-2021 at 16:25:47 info get recipe information
11-29-2021 at 16:25:47 error error getting recipe information
11-29-2021 at 16:25:47 info get recipe information
11-29-2021 at 16:25:47 error error getting recipe information
11-29-2021 at 16:25:47 info get recipe information
11-29-2021 at 16:25:47 error error getting recipe information
11-29-2021 at 16:25:47 error error getting recipe information
11-29-2021 at 16:25:47 info get recipe information
11-29-2021 at 16:25:47 info get recipe information
11-29-2021 at 16:25:47 error error getting recipe information
11-29-2021 at 16:25:47 info get recipe information
11-29-2021 at 16:25:47 error error getting recipe information
11-29-2021 at 16:25:47 info get recipe information
11-29-2021 at 16:25:47 error error getting recipe information
11-29-2021 at 16:25:47 error error getting recipe information
11-29-2021 at 16:25:47 info get recipe information
11-29-2021 at 16:25:47 error error getting recipe information
11-29-2021 at 16:25:47 info get recipe information
11-29-2021 at 16:25:47 info get recipe information
11-29-2021 at 16:25:47 error error getting recipe information
11-29-2021 at 16:25:47 error error getting recipe information
11-29-2021 at 16:25:47 info get recipe information
11-29-2021 at 16:25:47 info get recipe information
11-29-2021 at 16:25:48 error error getting recipe information
11-29-2021 at 16:25:48 error error getting recipe information
11-29-2021 at 16:25:48 info get recipe information
11-29-2021 at 16:25:48 info get recipe information
11-29-2021 at 16:25:48 error error getting recipe information
11-29-2021 at 16:25:48 info get recipe information
11-29-2021 at 16:25:48 error error getting recipe information
11-29-2021 at 16:25:48 info get recipe information
11-29-2021 at 16:25:48 error error getting recipe information
11-29-2021 at 16:25:48 info get recipe information
11-29-2021 at 16:25:48 error error getting recipe information
11-29-2021 at 16:25:48 info get recipe information
11-29-2021 at 16:25:48 error error getting recipe information
11-29-2021 at 16:25:48 error error getting recipe information
11-29-2021 at 16:25:48 info get recipe information
11-29-2021 at 16:25:48 error error getting recipe information
11-29-2021 at 16:25:48 info get recipe information
11-29-2021 at 16:25:48 info get recipe information
11-29-2021 at 16:25:48 error error getting recipe information
11-29-2021 at 16:25:48 info get recipe information
11-29-2021 at 16:25:48 error error getting recipe information
11-29-2021 at 16:25:48 error error getting recipe information
11-29-2021 at 16:25:48 info get recipe information
11-29-2021 at 16:25:48 info get recipe information
11-29-2021 at 16:25:48 error error getting recipe information
11-29-2021 at 16:25:48 info get recipe information
11-29-2021 at 16:25:48 error error getting recipe information
11-29-2021 at 16:25:48 info get recipe information
11-29-2021 at 16:25:48 error error getting recipe information
11-29-2021 at 16:25:48 error error getting recipe information
11-29-2021 at 16:25:48 info get recipe information
11-29-2021 at 16:25:48 error error getting recipe information
11-29-2021 at 16:25:48 error error getting recipe information
11-29-2021 at 16:25:48 info get recipe information
11-29-2021 at 16:25:48 info get recipe information
11-29-2021 at 16:25:48 info get recipe information
11-29-2021 at 16:25:48 error error getting recipe information
11-29-2021 at 16:25:48 info get recipe information
11-29-2021 at 16:25:49 error error getting recipe information
11-29-2021 at 16:25:49 info get recipe information
11-29-2021 at 16:25:49 error error getting recipe information
11-29-2021 at 16:25:49 info get recipe information
11-29-2021 at 16:25:49 error error getting recipe information
11-29-2021 at 16:25:49 info get recipe information
11-29-2021 at 16:25:49 error error getting recipe information
11-29-2021 at 16:25:49 info get recipe information
11-29-2021 at 16:25:49 error error getting recipe information
11-29-2021 at 16:25:49 info get recipe information
11-29-2021 at 16:25:49 error error getting recipe information
11-29-2021 at 16:25:49 info get recipe information
11-29-2021 at 16:25:49 error error getting recipe information
11-29-2021 at 16:25:49 info get recipe information
11-29-2021 at 16:25:49 error error getting recipe information
11-29-2021 at 16:25:49 info get recipe information
11-29-2021 at 16:25:49 error error getting recipe information
11-29-2021 at 16:25:49 info get recipe information
11-29-2021 at 16:25:49 error error getting recipe information
11-29-2021 at 16:25:49 info get recipe information
11-29-2021 at 16:25:49 error error getting recipe information
11-29-2021 at 16:25:49 info get recipe information
11-29-2021 at 16:25:49 error error getting recipe information
11-29-2021 at 16:25:49 info get recipe information
11-29-2021 at 16:25:49 error error getting recipe information
11-29-2021 at 16:25:49 info get recipe information
11-29-2021 at 16:25:49 error error getting recipe information
11-29-2021 at 16:25:49 info get recipe information
11-29-2021 at 16:25:49 error error getting recipe information
11-29-2021 at 16:25:49 info get recipe information
11-29-2021 at 16:25:49 error error getting recipe information
11-29-2021 at 16:25:49 info get recipe information
11-29-2021 at 16:25:49 error error getting recipe information
11-29-2021 at 16:25:49 info get recipe information
11-29-2021 at 16:25:49 error error getting recipe information
11-29-2021 at 16:25:49 info get recipe information
11-29-2021 at 16:25:49 error error getting recipe information
11-29-2021 at 16:25:49 error error getting recipe information
11-29-2021 at 16:25:49 info get recipe information
11-29-2021 at 16:25:49 info get recipe information
11-29-2021 at 16:25:50 error error getting recipe information
11-29-2021 at 16:25:50 error error getting recipe information
11-29-2021 at 16:25:50 error error getting recipe information
11-29-2021 at 16:25:50 info get recipe information
11-29-2021 at 16:25:50 info get recipe information
11-29-2021 at 16:25:50 info get recipe information
11-29-2021 at 16:25:50 error error getting recipe information
11-29-2021 at 16:25:50 info get recipe information
11-29-2021 at 16:25:50 error error getting recipe information
11-29-2021 at 16:25:50 info get recipe information
11-29-2021 at 16:25:50 error error getting recipe information
11-29-2021 at 16:25:50 error error getting recipe information
11-29-2021 at 16:25:50 info get recipe information
11-29-2021 at 16:25:50 info get recipe information
11-29-2021 at 16:25:50 error error getting recipe information
11-29-2021 at 16:25:50 error error getting recipe information
11-29-2021 at 16:25:50 info get recipe information
11-29-2021 at 16:25:50 info get recipe information
11-29-2021 at 16:25:50 error error getting recipe information
11-29-2021 at 16:25:50 info get recipe information
11-29-2021 at 16:25:50 error error getting recipe information
11-29-2021 at 16:25:50 error error getting recipe information
11-29-2021 at 16:25:50 info get recipe information
11-29-2021 at 16:25:50 info get recipe information
11-29-2021 at 16:25:50 error error getting recipe information
11-29-2021 at 16:25:50 info get recipe information
11-29-2021 at 16:25:50 error error getting recipe information
11-29-2021 at 16:25:50 info get recipe information
11-29-2021 at 16:25:50 error error getting recipe information
11-29-2021 at 16:25:50 info get recipe information
11-29-2021 at 16:25:50 error error getting recipe information
11-29-2021 at 16:25:50 error error getting recipe information
11-29-2021 at 16:25:50 info get recipe information
11-29-2021 at 16:25:50 info get recipe information
11-29-2021 at 16:25:50 error error getting recipe information
11-29-2021 at 16:25:50 info get recipe information
11-29-2021 at 16:25:50 error error getting recipe information
11-29-2021 at 16:25:50 info get recipe information
11-29-2021 at 16:25:51 error error getting recipe information
11-29-2021 at 16:25:51 info get recipe information
11-29-2021 at 16:25:51 error error getting recipe information
11-29-2021 at 16:25:51 error error getting recipe information
11-29-2021 at 16:25:51 info get recipe information
11-29-2021 at 16:25:51 info get recipe information
11-29-2021 at 16:25:51 error error getting recipe information
11-29-2021 at 16:25:51 error error getting recipe information
11-29-2021 at 16:33:27 info routers injected
11-29-2021 at 16:33:27 info express initialized
11-29-2021 at 16:33:27 info server run on port 3030
11-29-2021 at 16:33:33 info call trivia
11-29-2021 at 16:33:33 info received trivia
11-29-2021 at 16:33:41 info get recipe information
11-29-2021 at 16:33:41 info find by ingredients potato
11-29-2021 at 16:33:42 error error getting recipe information
11-29-2021 at 16:33:42 info received recipes by ingredients
11-29-2021 at 16:40:21 info call trivia
11-29-2021 at 16:40:22 info received trivia
11-29-2021 at 16:40:34 info find by ingredients tomato
11-29-2021 at 16:40:34 info get recipe information
11-29-2021 at 16:40:34 error error getting recipe information
11-29-2021 at 16:40:34 info received recipes by ingredients
11-29-2021 at 16:44:16 info find by ingredients potato,tomato
11-29-2021 at 16:44:17 info received recipes by ingredients
11-29-2021 at 16:44:35 info find by ingredients potato,tomato
11-29-2021 at 16:44:36 info received recipes by ingredients
11-29-2021 at 16:55:08 info get recipe information
11-29-2021 at 16:55:08 info find by ingredients potato
11-29-2021 at 16:55:08 error error getting recipe information
11-29-2021 at 16:55:08 info received recipes by ingredients
11-29-2021 at 16:56:11 info get recipe information
11-29-2021 at 16:56:11 info find by ingredients tomato
11-29-2021 at 16:56:12 error error getting recipe information
11-29-2021 at 16:56:12 info received recipes by ingredients
11-29-2021 at 16:57:12 info find by ingredients tomato
11-29-2021 at 16:57:13 info received recipes by ingredients
11-29-2021 at 18:01:35 info routers injected
